<?xml version="1.0" encoding="UTF-8"?>
<!-- Generated by org.testng.reporters.JUnitReportReporter -->
<testsuite hostname="DESKTOP-ET3TM4N" failures="0" tests="1" name="BAtchExecution.Testcase4" time="7.747" errors="0" timestamp="2024-11-27T22:19:16 IST" skipped="0">
  <testcase classname="BAtchExecution.Testcase4" name="qspider" time="7.747"/>
  <system-out/>
</testsuite> <!-- BAtchExecution.Testcase4 -->
