<?xml version="1.0" encoding="UTF-8"?>
<!-- Generated by org.testng.reporters.JUnitReportReporter -->
<testsuite hostname="DESKTOP-ET3TM4N" failures="0" tests="1" name="DateFormat.Dateformat" time="0.295" errors="0" timestamp="2024-11-29T14:11:41 IST" skipped="0">
  <testcase classname="DateFormat.Dateformat" name="main" time="0.295"/>
  <system-out/>
</testsuite> <!-- DateFormat.Dateformat -->
