<?xml version="1.0" encoding="UTF-8"?>
<!-- Generated by org.testng.reporters.JUnitReportReporter -->
<testsuite hostname="DESKTOP-ET3TM4N" failures="0" tests="4" name="Basic.MultipleTestAnnotation" time="314.957" errors="0" timestamp="2024-11-14T13:03:43 IST" skipped="0">
  <testcase classname="Basic.MultipleTestAnnotation" name="Rcb" time="50.451"/>
  <system-out/>
  <testcase classname="Basic.MultipleTestAnnotation" name="csk" time="127.019"/>
  <system-out/>
  <testcase classname="Basic.MultipleTestAnnotation" name="csk" time="108.622"/>
  <system-out/>
  <testcase classname="Basic.MultipleTestAnnotation" name="MI" time="28.865"/>
  <system-out/>
</testsuite> <!-- Basic.MultipleTestAnnotation -->
