<?xml version="1.0" encoding="UTF-8"?>
<!-- Generated by org.testng.reporters.JUnitReportReporter -->
<testsuite hostname="DESKTOP-ET3TM4N" failures="0" tests="1" name="PageObjectModel.HomePage" time="32.421" errors="0" timestamp="2024-11-23T21:28:36 IST" skipped="0">
  <testcase classname="PageObjectModel.HomePage" name="homePage" time="32.421"/>
  <system-out/>
</testsuite> <!-- PageObjectModel.HomePage -->
