<?xml version="1.0" encoding="UTF-8"?>
<!-- Generated by org.testng.reporters.JUnitReportReporter -->
<testsuite hostname="DESKTOP-ET3TM4N" failures="0" tests="2" name="Testng.Guru99" time="46.029" errors="0" timestamp="2024-11-08T20:17:15 IST" skipped="0">
  <testcase classname="Testng.Guru99" name="rightClick" time="33.865"/>
  <testcase classname="Testng.Guru99" name="doubleClick" time="12.164"/>
</testsuite> <!-- Testng.Guru99 -->
