<?xml version="1.0" encoding="UTF-8"?>
<!-- Generated by org.testng.reporters.JUnitReportReporter -->
<testsuite hostname="DESKTOP-ET3TM4N" failures="0" tests="1" name="PageObjectModel.Login" time="12.062" errors="0" timestamp="2024-11-21T20:56:32 IST" skipped="0">
  <testcase classname="PageObjectModel.Login" name="main" time="12.062"/>
  <system-out/>
</testsuite> <!-- PageObjectModel.Login -->
