<?xml version="1.0" encoding="UTF-8"?>
<!-- Generated by org.testng.reporters.JUnitReportReporter -->
<testsuite hostname="DESKTOP-ET3TM4N" failures="0" tests="1" name="BAtchExecution.Testcase2" time="7.939" errors="0" timestamp="2024-11-27T22:18:41 IST" skipped="0">
  <testcase classname="BAtchExecution.Testcase2" name="redbus" time="7.939"/>
  <system-out/>
</testsuite> <!-- BAtchExecution.Testcase2 -->
