<?xml version="1.0" encoding="UTF-8"?>
<!-- Generated by org.testng.reporters.JUnitReportReporter -->
<testsuite hostname="DESKTOP-ET3TM4N" failures="0" tests="1" name="ExtentReport.BasicReport" time="19.912" errors="0" timestamp="2024-11-23T20:17:16 IST" skipped="0">
  <testcase classname="ExtentReport.BasicReport" name="main" time="19.912"/>
  <system-out/>
</testsuite> <!-- ExtentReport.BasicReport -->
